<?xml version="1.0" encoding="UTF-8"?>
<!-- Generated by org.testng.reporters.JUnitXMLReporter -->
<testsuite ignored="2" hostname="DESKTOP-MP58OJN" failures="0" tests="1" name="Default test" time="18.539" errors="0" timestamp="10 Apr 2024 06:15:59 GMT">
  <testcase classname="orangehrmtests.WebElementTest" name="txtBoxTest" time="9.771"/>
  <testcase classname="orangehrmtests.WebElementTest" name="radioBtnTest" time="0.0">
    <ignored/>
  </testcase> <!-- radioBtnTest -->
  <testcase classname="orangehrmtests.WebElementTest" name="buttonTest" time="0.0">
    <ignored/>
  </testcase> <!-- buttonTest -->
</testsuite> <!-- Default test -->
