<?xml version="1.0" encoding="UTF-8"?>
<!-- Generated by org.testng.reporters.JUnitXMLReporter -->
<testsuite ignored="2" hostname="DESKTOP-MP58OJN" failures="0" tests="1" name="Default test" time="9.907" errors="0" timestamp="04 Apr 2024 12:23:39 GMT">
  <testcase classname="orangehrmtests.WebElementTest" name="radioBtnTest" time="8.082"/>
  <testcase classname="orangehrmtests.WebElementTest" name="txtBoxTest" time="0.0">
    <ignored/>
  </testcase> <!-- txtBoxTest -->
  <testcase classname="orangehrmtests.WebElementTest" name="buttonTest" time="0.0">
    <ignored/>
  </testcase> <!-- buttonTest -->
</testsuite> <!-- Default test -->
