<?xml version="1.0" encoding="UTF-8"?>
<!-- Generated by org.testng.reporters.JUnitXMLReporter -->
<testsuite ignored="6" hostname="DESKTOP-MP58OJN" failures="0" tests="1" name="Default test" time="10.243" errors="0" timestamp="18 Mar 2024 08:49:52 GMT">
  <testcase classname="orangehrmtests.LoginTest" name="recuritmentTest" time="7.891"/>
  <testcase classname="orangehrmtests.LoginTest" name="testLogin" time="0.0">
    <ignored/>
  </testcase> <!-- testLogin -->
  <testcase classname="orangehrmtests.LoginTest" name="testValidLogin" time="0.0">
    <ignored/>
  </testcase> <!-- testValidLogin -->
  <testcase classname="orangehrmtests.LoginTest" name="linkTest" time="0.0">
    <ignored/>
  </testcase> <!-- linkTest -->
  <testcase classname="orangehrmtests.LoginTest" name="testEmptyUsernameAndPassword" time="0.0">
    <ignored/>
  </testcase> <!-- testEmptyUsernameAndPassword -->
  <testcase classname="orangehrmtests.LoginTest" name="restrictedAccess" time="0.0">
    <ignored/>
  </testcase> <!-- restrictedAccess -->
  <testcase classname="orangehrmtests.LoginTest" name="testInvalidLogin" time="0.0">
    <ignored/>
  </testcase> <!-- testInvalidLogin -->
</testsuite> <!-- Default test -->
