<?xml version="1.0" encoding="UTF-8"?>
<!-- Generated by org.testng.reporters.JUnitXMLReporter -->
<testsuite ignored="4" hostname="DESKTOP-MP58OJN" failures="0" tests="1" name="Default test" time="26.168" errors="0" timestamp="20 Mar 2024 10:26:48 GMT">
  <testcase classname="orangehrmtests.UserFunctionalityTest" name="testEditUser" time="24.429"/>
  <testcase classname="orangehrmtests.UserFunctionalityTest" name="testUserSearch" time="0.0">
    <ignored/>
  </testcase> <!-- testUserSearch -->
  <testcase classname="orangehrmtests.UserFunctionalityTest" name="testUserAdd" time="0.0">
    <ignored/>
  </testcase> <!-- testUserAdd -->
  <testcase classname="orangehrmtests.UserFunctionalityTest" name="testDeleteUser" time="0.0">
    <ignored/>
  </testcase> <!-- testDeleteUser -->
  <testcase classname="orangehrmtests.UserFunctionalityTest" name="testLogin" time="0.0">
    <ignored/>
  </testcase> <!-- testLogin -->
</testsuite> <!-- Default test -->
