<?xml version="1.0" encoding="UTF-8"?>
<!-- Generated by org.testng.reporters.JUnitXMLReporter -->
<testsuite ignored="3" hostname="DESKTOP-MP58OJN" failures="0" tests="1" name="Default test" time="25.417" errors="0" timestamp="13 Mar 2024 17:57:22 GMT">
  <testcase classname="orangehrmtests.UserFunctionalityTest" name="testUserSearch" time="23.092"/>
  <testcase classname="orangehrmtests.UserFunctionalityTest" name="testUserAdd" time="0.0">
    <ignored/>
  </testcase> <!-- testUserAdd -->
  <testcase classname="orangehrmtests.UserFunctionalityTest" name="testDeleteUser" time="0.0">
    <ignored/>
  </testcase> <!-- testDeleteUser -->
  <testcase classname="orangehrmtests.UserFunctionalityTest" name="testLogin" time="0.0">
    <ignored/>
  </testcase> <!-- testLogin -->
</testsuite> <!-- Default test -->
