<?xml version="1.0" encoding="UTF-8"?>
<testng-results ignored="3" total="4" passed="1" failed="0" skipped="0">
  <reporter-output>
  </reporter-output>
  <suite started-at="2024-03-13T17:56:57Z" name="Default suite" finished-at="2024-03-13T17:57:22Z" duration-ms="25417">
    <groups>
    </groups>
    <test started-at="2024-03-13T17:56:57Z" name="Default test" finished-at="2024-03-13T17:57:22Z" duration-ms="25417">
      <class name="orangehrmtests.UserFunctionalityTest">
        <test-method is-config="true" signature="setUp()[pri:0, instance:orangehrmtests.UserFunctionalityTest@60856961]" started-at="2024-03-13T23:26:57Z" name="setUp" finished-at="2024-03-13T23:26:59Z" duration-ms="2112" status="PASS">
          <reporter-output>
          </reporter-output>
        </test-method> <!-- setUp -->
        <test-method signature="testUserSearch()[pri:0, instance:orangehrmtests.UserFunctionalityTest@60856961]" started-at="2024-03-13T23:26:59Z" name="testUserSearch" finished-at="2024-03-13T23:27:22Z" duration-ms="23092" status="PASS">
          <reporter-output>
          </reporter-output>
        </test-method> <!-- testUserSearch -->
        <test-method is-config="true" signature="tearDown()[pri:0, instance:orangehrmtests.UserFunctionalityTest@60856961]" started-at="2024-03-13T23:27:22Z" name="tearDown" finished-at="2024-03-13T23:27:22Z" duration-ms="187" status="PASS">
          <reporter-output>
          </reporter-output>
        </test-method> <!-- tearDown -->
      </class> <!-- orangehrmtests.UserFunctionalityTest -->
    </test> <!-- Default test -->
  </suite> <!-- Default suite -->
</testng-results>
