<?xml version="1.0" encoding="UTF-8"?>
<testng-results ignored="4" total="5" passed="1" failed="0" skipped="0">
  <reporter-output>
  </reporter-output>
  <suite started-at="2024-03-15T09:40:22Z" name="Default suite" finished-at="2024-03-15T09:40:50Z" duration-ms="28093">
    <groups>
    </groups>
    <test started-at="2024-03-15T09:40:22Z" name="Default test" finished-at="2024-03-15T09:40:50Z" duration-ms="28093">
      <class name="orangehrmtests.UserFunctionalityTest">
        <test-method is-config="true" signature="setUp()[pri:0, instance:orangehrmtests.UserFunctionalityTest@2fd953a6]" started-at="2024-03-15T15:10:22Z" name="setUp" finished-at="2024-03-15T15:10:24Z" duration-ms="1767" status="PASS">
          <reporter-output>
          </reporter-output>
        </test-method> <!-- setUp -->
        <test-method signature="testEditUser()[pri:0, instance:orangehrmtests.UserFunctionalityTest@2fd953a6]" started-at="2024-03-15T15:10:24Z" name="testEditUser" finished-at="2024-03-15T15:10:50Z" duration-ms="26118" status="PASS">
          <reporter-output>
          </reporter-output>
        </test-method> <!-- testEditUser -->
        <test-method is-config="true" signature="tearDown()[pri:0, instance:orangehrmtests.UserFunctionalityTest@2fd953a6]" started-at="2024-03-15T15:10:50Z" name="tearDown" finished-at="2024-03-15T15:10:50Z" duration-ms="178" status="PASS">
          <reporter-output>
          </reporter-output>
        </test-method> <!-- tearDown -->
      </class> <!-- orangehrmtests.UserFunctionalityTest -->
    </test> <!-- Default test -->
  </suite> <!-- Default suite -->
</testng-results>
